Arguments: 
  /Users/tkhwang/.nvm/versions/node/v12.20.0/bin/node /usr/local/Cellar/yarn/1.22.10/libexec/bin/yarn.js add @types/postcss @types/autoprefixer -D

PATH: 
  /Users/tkhwang/.autojump/bin:/Users/tkhwang/.nvm/versions/node/v12.20.0/bin:/usr/local/bin:/usr/bin:/bin:/usr/sbin:/sbin:/Library/Apple/usr/bin:/Users/tkhwang/.autojump/bin:/Users/tkhwang/.nvm/versions/node/v12.20.0/bin:/usr/bin

Yarn version: 
  1.22.10

Node version: 
  12.20.0

Platform: 
  darwin x64

Trace: 
  Error: https://registry.yarnpkg.com/@types%2fpostcss: Not found
      at Request.params.callback [as _callback] (/usr/local/Cellar/yarn/1.22.10/libexec/lib/cli.js:66988:18)
      at Request.self.callback (/usr/local/Cellar/yarn/1.22.10/libexec/lib/cli.js:140749:22)
      at Request.emit (events.js:314:20)
      at Request.<anonymous> (/usr/local/Cellar/yarn/1.22.10/libexec/lib/cli.js:141721:10)
      at Request.emit (events.js:314:20)
      at IncomingMessage.<anonymous> (/usr/local/Cellar/yarn/1.22.10/libexec/lib/cli.js:141643:12)
      at Object.onceWrapper (events.js:420:28)
      at IncomingMessage.emit (events.js:326:22)
      at endReadableNT (_stream_readable.js:1241:12)
      at processTicksAndRejections (internal/process/task_queues.js:84:21)

npm manifest: 
  {
    "dependencies": {
      "autoprefixer": "^10.1.0",
      "postcss": "^8.2.1"
    }
  }

yarn manifest: 
  No manifest

Lockfile: 
  # THIS IS AN AUTOGENERATED FILE. DO NOT EDIT THIS FILE DIRECTLY.
  # yarn lockfile v1
  
  
  autoprefixer@^10.1.0:
    version "10.1.0"
    resolved "https://registry.yarnpkg.com/autoprefixer/-/autoprefixer-10.1.0.tgz#b19fd8524edef8c85c9db3bdb0c998de84e172fb"
    integrity sha512-0/lBNwN+ZUnb5su18NZo5MBIjDaq6boQKZcxwy86Gip/CmXA2zZqUoFQLCNAGI5P25ZWSP2RWdhDJ8osfKEjoQ==
    dependencies:
      browserslist "^4.15.0"
      caniuse-lite "^1.0.30001165"
      colorette "^1.2.1"
      fraction.js "^4.0.12"
      normalize-range "^0.1.2"
      postcss-value-parser "^4.1.0"
  
  browserslist@^4.15.0:
    version "4.15.0"
    resolved "https://registry.yarnpkg.com/browserslist/-/browserslist-4.15.0.tgz#3d48bbca6a3f378e86102ffd017d9a03f122bdb0"
    integrity sha512-IJ1iysdMkGmjjYeRlDU8PQejVwxvVO5QOfXH7ylW31GO6LwNRSmm/SgRXtNsEXqMLl2e+2H5eEJ7sfynF8TCaQ==
    dependencies:
      caniuse-lite "^1.0.30001164"
      colorette "^1.2.1"
      electron-to-chromium "^1.3.612"
      escalade "^3.1.1"
      node-releases "^1.1.67"
  
  caniuse-lite@^1.0.30001164, caniuse-lite@^1.0.30001165:
    version "1.0.30001165"
    resolved "https://registry.yarnpkg.com/caniuse-lite/-/caniuse-lite-1.0.30001165.tgz#32955490d2f60290bb186bb754f2981917fa744f"
    integrity sha512-8cEsSMwXfx7lWSUMA2s08z9dIgsnR5NAqjXP23stdsU3AUWkCr/rr4s4OFtHXn5XXr6+7kam3QFVoYyXNPdJPA==
  
  colorette@^1.2.1:
    version "1.2.1"
    resolved "https://registry.yarnpkg.com/colorette/-/colorette-1.2.1.tgz#4d0b921325c14faf92633086a536db6e89564b1b"
    integrity sha512-puCDz0CzydiSYOrnXpz/PKd69zRrribezjtE9yd4zvytoRc8+RY/KJPvtPFKZS3E3wP6neGyMe0vOTlHO5L3Pw==
  
  electron-to-chromium@^1.3.612:
    version "1.3.621"
    resolved "https://registry.yarnpkg.com/electron-to-chromium/-/electron-to-chromium-1.3.621.tgz#0bbe2100ef0b28f88d0b1101fbdf433312f69be0"
    integrity sha512-FeIuBzArONbAmKmZIsZIFGu/Gc9AVGlVeVbhCq+G2YIl6QkT0TDn2HKN/FMf1btXEB9kEmIuQf3/lBTVAbmFOg==
  
  escalade@^3.1.1:
    version "3.1.1"
    resolved "https://registry.yarnpkg.com/escalade/-/escalade-3.1.1.tgz#d8cfdc7000965c5a0174b4a82eaa5c0552742e40"
    integrity sha512-k0er2gUkLf8O0zKJiAhmkTnJlTvINGv7ygDNPbeIsX/TJjGJZHuh9B2UxbsaEkmlEo9MfhrSzmhIlhRlI2GXnw==
  
  fraction.js@^4.0.12:
    version "4.0.12"
    resolved "https://registry.yarnpkg.com/fraction.js/-/fraction.js-4.0.12.tgz#0526d47c65a5fb4854df78bc77f7bec708d7b8c3"
    integrity sha512-8Z1K0VTG4hzYY7kA/1sj4/r1/RWLBD3xwReT/RCrUCbzPszjNQCCsy3ktkU/eaEqX3MYa4pY37a52eiBlPMlhA==
  
  nanoid@^3.1.20:
    version "3.1.20"
    resolved "https://registry.yarnpkg.com/nanoid/-/nanoid-3.1.20.tgz#badc263c6b1dcf14b71efaa85f6ab4c1d6cfc788"
    integrity sha512-a1cQNyczgKbLX9jwbS/+d7W8fX/RfgYR7lVWwWOGIPNgK2m0MWvrGF6/m4kk6U3QcFMnZf3RIhL0v2Jgh/0Uxw==
  
  node-releases@^1.1.67:
    version "1.1.67"
    resolved "https://registry.yarnpkg.com/node-releases/-/node-releases-1.1.67.tgz#28ebfcccd0baa6aad8e8d4d8fe4cbc49ae239c12"
    integrity sha512-V5QF9noGFl3EymEwUYzO+3NTDpGfQB4ve6Qfnzf3UNydMhjQRVPR1DZTuvWiLzaFJYw2fmDwAfnRNEVb64hSIg==
  
  normalize-range@^0.1.2:
    version "0.1.2"
    resolved "https://registry.yarnpkg.com/normalize-range/-/normalize-range-0.1.2.tgz#2d10c06bdfd312ea9777695a4d28439456b75942"
    integrity sha1-LRDAa9/TEuqXd2laTShDlFa3WUI=
  
  postcss-value-parser@^4.1.0:
    version "4.1.0"
    resolved "https://registry.yarnpkg.com/postcss-value-parser/-/postcss-value-parser-4.1.0.tgz#443f6a20ced6481a2bda4fa8532a6e55d789a2cb"
    integrity sha512-97DXOFbQJhk71ne5/Mt6cOu6yxsSfM0QGQyl0L25Gca4yGWEGJaig7l7gbCX623VqTBNGLRLaVUCnNkcedlRSQ==
  
  postcss@^8.2.1:
    version "8.2.1"
    resolved "https://registry.yarnpkg.com/postcss/-/postcss-8.2.1.tgz#eabc5557c4558059b9d9e5b15bce7ffa9089c2a8"
    integrity sha512-RhsqOOAQzTgh1UB/IZdca7F9WDb7SUCR2Vnv1x7DbvuuggQIpoDwjK+q0rzoPffhYvWNKX5JSwS4so4K3UC6vA==
    dependencies:
      colorette "^1.2.1"
      nanoid "^3.1.20"
      source-map "^0.6.1"
  
  source-map@^0.6.1:
    version "0.6.1"
    resolved "https://registry.yarnpkg.com/source-map/-/source-map-0.6.1.tgz#74722af32e9614e9c287a8d0bbde48b5e2f1a263"
    integrity sha512-UjgapumWlbMhkBgzT7Ykc5YXUT46F0iKu8SGXq0bcwP5dz/h0Plj6enJqjz1Zbq2l5WaqYnrVbwWOWMyF3F47g==
